  main.cpp
C:\Users\gamep\Documents\GitHub\CSE-170\PA2_support_code\BasicOpenGLProject\Torus.h(25,1): warning C4305: '+=': truncation from 'double' to 'float'
  (compiling source file 'main.cpp')
  
C:\Users\gamep\Documents\GitHub\CSE-170\PA2_support_code\BasicOpenGLProject\Torus.h(29,1): warning C4305: '-=': truncation from 'double' to 'float'
  (compiling source file 'main.cpp')
  
C:\Users\gamep\Documents\GitHub\CSE-170\PA2_support_code\BasicOpenGLProject\Torus.h(33,1): warning C4305: '+=': truncation from 'double' to 'float'
  (compiling source file 'main.cpp')
  
C:\Users\gamep\Documents\GitHub\CSE-170\PA2_support_code\BasicOpenGLProject\Torus.h(37,1): warning C4305: '-=': truncation from 'double' to 'float'
  (compiling source file 'main.cpp')
  
C:\Users\gamep\Documents\GitHub\CSE-170\PA2_support_code\BasicOpenGLProject\Torus.h(43,63): warning C4244: '+=': conversion from 'double' to 'float', possible loss of data
  (compiling source file 'main.cpp')
  
C:\Users\gamep\Documents\GitHub\CSE-170\PA2_support_code\BasicOpenGLProject\Torus.h(44,64): warning C4244: '+=': conversion from 'double' to 'float', possible loss of data
  (compiling source file 'main.cpp')
  
C:\Users\gamep\Documents\GitHub\CSE-170\PA2_support_code\BasicOpenGLProject\main.cpp(38,17): warning C4305: 'initializing': truncation from 'double' to 'float'
C:\Users\gamep\Documents\GitHub\CSE-170\PA2_support_code\BasicOpenGLProject\main.cpp(454,52): warning C4267: 'argument': conversion from 'size_t' to 'GLsizei', possible loss of data
  Generating code
  0 of 402 functions ( 0.0%) were compiled, the rest were copied from previous compilation.
    0 functions were new in current compilation
    0 functions had inline decision re-evaluated but remain unchanged
  Finished generating code
  BasicOpenGLProject.vcxproj -> C:\Users\gamep\Documents\GitHub\CSE-170\PA2_support_code\x64\Release\OpenGLProject.exe
