  main.cpp
C:\Users\gamep\Documents\GitHub\CSE-170\PA3_support_code\BasicOpenGLProject\Torus.h(39,1): warning C4305: '+=': truncation from 'double' to 'float'
  (compiling source file 'main.cpp')
  
C:\Users\gamep\Documents\GitHub\CSE-170\PA3_support_code\BasicOpenGLProject\Torus.h(43,1): warning C4305: '-=': truncation from 'double' to 'float'
  (compiling source file 'main.cpp')
  
C:\Users\gamep\Documents\GitHub\CSE-170\PA3_support_code\BasicOpenGLProject\Torus.h(47,1): warning C4305: '+=': truncation from 'double' to 'float'
  (compiling source file 'main.cpp')
  
C:\Users\gamep\Documents\GitHub\CSE-170\PA3_support_code\BasicOpenGLProject\Torus.h(51,1): warning C4305: '-=': truncation from 'double' to 'float'
  (compiling source file 'main.cpp')
  
C:\Users\gamep\Documents\GitHub\CSE-170\PA3_support_code\BasicOpenGLProject\Torus.h(59,9): error C2065: 'indices': undeclared identifier
  (compiling source file 'main.cpp')
  
C:\Users\gamep\Documents\GitHub\CSE-170\PA3_support_code\BasicOpenGLProject\Torus.h(63,63): warning C4244: '+=': conversion from 'double' to 'float', possible loss of data
  (compiling source file 'main.cpp')
  
C:\Users\gamep\Documents\GitHub\CSE-170\PA3_support_code\BasicOpenGLProject\Torus.h(65,64): warning C4244: '+=': conversion from 'double' to 'float', possible loss of data
  (compiling source file 'main.cpp')
  
C:\Users\gamep\Documents\GitHub\CSE-170\PA3_support_code\BasicOpenGLProject\main.cpp(38,17): warning C4305: 'initializing': truncation from 'double' to 'float'
C:\Users\gamep\Documents\GitHub\CSE-170\PA3_support_code\BasicOpenGLProject\main.cpp(454,52): warning C4267: 'argument': conversion from 'size_t' to 'GLsizei', possible loss of data
  shader.cpp
  shaderprogram.cpp
  Generating Code...
