  main.cpp
C:\Users\gamep\Documents\GitHub\CSE-170\PA2_support_code\BasicOpenGLProject\Torus.h(29,1): warning C4305: '+=': truncation from 'double' to 'float'
  (compiling source file 'main.cpp')
  
C:\Users\gamep\Documents\GitHub\CSE-170\PA2_support_code\BasicOpenGLProject\Torus.h(33,1): warning C4305: '-=': truncation from 'double' to 'float'
  (compiling source file 'main.cpp')
  
C:\Users\gamep\Documents\GitHub\CSE-170\PA2_support_code\BasicOpenGLProject\Torus.h(37,1): warning C4305: '+=': truncation from 'double' to 'float'
  (compiling source file 'main.cpp')
  
C:\Users\gamep\Documents\GitHub\CSE-170\PA2_support_code\BasicOpenGLProject\Torus.h(41,1): warning C4305: '-=': truncation from 'double' to 'float'
  (compiling source file 'main.cpp')
  
C:\Users\gamep\Documents\GitHub\CSE-170\PA2_support_code\BasicOpenGLProject\Torus.h(49,21): warning C4244: 'initializing': conversion from 'int' to 'float', possible loss of data
  (compiling source file 'main.cpp')
  
C:\Users\gamep\Documents\GitHub\CSE-170\PA2_support_code\BasicOpenGLProject\Torus.h(50,31): warning C4244: 'initializing': conversion from 'double' to 'float', possible loss of data
  (compiling source file 'main.cpp')
  
C:\Users\gamep\Documents\GitHub\CSE-170\PA2_support_code\BasicOpenGLProject\Torus.h(56,25): warning C4244: 'initializing': conversion from 'int' to 'float', possible loss of data
  (compiling source file 'main.cpp')
  
C:\Users\gamep\Documents\GitHub\CSE-170\PA2_support_code\BasicOpenGLProject\Torus.h(57,34): warning C4244: 'initializing': conversion from 'double' to 'float', possible loss of data
  (compiling source file 'main.cpp')
  
C:\Users\gamep\Documents\GitHub\CSE-170\PA2_support_code\BasicOpenGLProject\main.cpp(38,17): warning C4305: 'initializing': truncation from 'double' to 'float'
C:\Users\gamep\Documents\GitHub\CSE-170\PA2_support_code\BasicOpenGLProject\main.cpp(454,52): warning C4267: 'argument': conversion from 'size_t' to 'GLsizei', possible loss of data
  shader.cpp
  shaderprogram.cpp
  Generating Code...
  LINK : C:\Users\gamep\Documents\GitHub\CSE-170\PA2_support_code\x64\Debug\OpenGLProject.exe not found or not built by the last incremental link; performing full link
  BasicOpenGLProject.vcxproj -> C:\Users\gamep\Documents\GitHub\CSE-170\PA2_support_code\x64\Debug\OpenGLProject.exe
